sample-app-kotlin/build/intermediates/manifest_merge_blame_file/debug/processDebugMainManifest/manifest-merger-blame-debug-report.txt
1<?xml version="1.0" encoding="utf-8"?>
2<manifest xmlns:android="http://schemas.android.com/apk/res/android"
3    package="com.cometchat.sampleapp.kotlin"
4    android:versionCode="1"
5    android:versionName="5.2.3" >
6
7    <uses-sdk
8        android:minSdkVersion="26"
9        android:targetSdkVersion="35" />
10
11    <uses-permission android:name="android.permission.INTERNET" />
11-->src/main/AndroidManifest.xml:5:5-67
11-->src/main/AndroidManifest.xml:5:22-64
12    <uses-permission
12-->src/main/AndroidManifest.xml:6:5-8:38
13        android:name="android.permission.READ_EXTERNAL_STORAGE"
13-->src/main/AndroidManifest.xml:7:9-64
14        android:maxSdkVersion="32" />
14-->src/main/AndroidManifest.xml:8:9-35
15    <uses-permission android:name="android.permission.READ_MEDIA_IMAGES" />
15-->src/main/AndroidManifest.xml:9:5-76
15-->src/main/AndroidManifest.xml:9:22-73
16    <uses-permission android:name="android.permission.READ_MEDIA_VIDEO" />
16-->src/main/AndroidManifest.xml:10:5-75
16-->src/main/AndroidManifest.xml:10:22-72
17    <uses-permission android:name="android.permission.POST_NOTIFICATIONS" />
17-->src/main/AndroidManifest.xml:11:5-77
17-->src/main/AndroidManifest.xml:11:22-74
18
19    <uses-feature
19-->src/main/AndroidManifest.xml:13:5-15:36
20        android:name="android.hardware.sensor.proximity"
20-->src/main/AndroidManifest.xml:14:9-57
21        android:required="false" />
21-->src/main/AndroidManifest.xml:15:9-33
22    <uses-feature
22-->src/main/AndroidManifest.xml:16:5-18:36
23        android:name="android.hardware.telephony"
23-->src/main/AndroidManifest.xml:17:9-50
24        android:required="false" />
24-->src/main/AndroidManifest.xml:18:9-33
25
26    <uses-permission android:name="android.permission.ACCESS_NETWORK_STATE" />
26-->[:chatuikit] AndroidManifest.xml:8:5-79
26-->[:chatuikit] AndroidManifest.xml:8:22-76
27    <uses-permission android:name="android.permission.CAMERA" />
27-->[:chatuikit] AndroidManifest.xml:10:5-65
27-->[:chatuikit] AndroidManifest.xml:10:22-62
28    <uses-permission android:name="android.permission.RECORD_AUDIO" />
28-->[:chatuikit] AndroidManifest.xml:11:5-71
28-->[:chatuikit] AndroidManifest.xml:11:22-68
29    <uses-permission android:name="android.permission.MODIFY_AUDIO_SETTINGS" />
29-->[:chatuikit] AndroidManifest.xml:12:5-80
29-->[:chatuikit] AndroidManifest.xml:12:22-77
30    <uses-permission
30-->[:chatuikit] AndroidManifest.xml:13:5-15:38
31        android:name="android.permission.WRITE_EXTERNAL_STORAGE"
31-->[:chatuikit] AndroidManifest.xml:14:9-65
32        android:maxSdkVersion="32" />
32-->[:chatuikit] AndroidManifest.xml:15:9-35
33    <uses-permission android:name="android.permission.VIBRATE" />
33-->[:chatuikit] AndroidManifest.xml:19:5-66
33-->[:chatuikit] AndroidManifest.xml:19:22-63
34
35    <queries>
35-->[:chatuikit] AndroidManifest.xml:21:5-35:15
36        <intent>
36-->[:chatuikit] AndroidManifest.xml:22:9-26:18
37            <action android:name="android.intent.action.GET_CONTENT" />
37-->[:chatuikit] AndroidManifest.xml:23:13-72
37-->[:chatuikit] AndroidManifest.xml:23:21-69
38
39            <data android:mimeType="image/* video/*" />
39-->[:chatuikit] AndroidManifest.xml:25:13-56
39-->[:chatuikit] AndroidManifest.xml:25:19-53
40        </intent>
41        <intent>
41-->[:chatuikit] AndroidManifest.xml:27:9-31:18
42            <action android:name="android.intent.action.PICK" />
42-->[:chatuikit] AndroidManifest.xml:28:13-65
42-->[:chatuikit] AndroidManifest.xml:28:21-62
43
44            <data android:mimeType="image/* video/*" />
44-->[:chatuikit] AndroidManifest.xml:25:13-56
44-->[:chatuikit] AndroidManifest.xml:25:19-53
45        </intent>
46        <intent>
46-->[:chatuikit] AndroidManifest.xml:32:9-34:18
47            <action android:name="android.intent.action.CHOOSER" />
47-->[:chatuikit] AndroidManifest.xml:33:13-68
47-->[:chatuikit] AndroidManifest.xml:33:21-65
48        </intent>
49    </queries>
50
51    <uses-permission android:name="android.permission.BLUETOOTH" />
51-->[com.cometchat:calls-sdk-android:4.3.1] AndroidManifest.xml:11:5-68
51-->[com.cometchat:calls-sdk-android:4.3.1] AndroidManifest.xml:11:22-65
52    <uses-permission android:name="android.permission.BLUETOOTH_CONNECT" />
52-->[com.cometchat:calls-sdk-android:4.3.1] AndroidManifest.xml:12:5-76
52-->[com.cometchat:calls-sdk-android:4.3.1] AndroidManifest.xml:12:22-73
53    <uses-permission android:name="android.permission.BLUETOOTH_CONNECT" />
53-->[com.cometchat:calls-sdk-android:4.3.1] AndroidManifest.xml:12:5-76
53-->[com.cometchat:calls-sdk-android:4.3.1] AndroidManifest.xml:12:22-73
54    <uses-permission android:name="android.permission.MANAGE_OWN_CALLS" />
54-->[com.cometchat:calls-sdk-android:4.3.1] AndroidManifest.xml:16:5-75
54-->[com.cometchat:calls-sdk-android:4.3.1] AndroidManifest.xml:16:22-72
55    <uses-permission android:name="android.permission.SYSTEM_ALERT_WINDOW" />
55-->[com.cometchat:calls-sdk-android:4.3.1] AndroidManifest.xml:19:5-78
55-->[com.cometchat:calls-sdk-android:4.3.1] AndroidManifest.xml:19:22-75
56    <uses-permission android:name="android.permission.WAKE_LOCK" />
56-->[com.cometchat:calls-sdk-android:4.3.1] AndroidManifest.xml:20:5-68
56-->[com.cometchat:calls-sdk-android:4.3.1] AndroidManifest.xml:20:22-65
57    <uses-permission android:name="android.permission.ACCESS_WIFI_STATE" />
57-->[com.cometchat:calls-sdk-android:4.3.1] AndroidManifest.xml:21:5-76
57-->[com.cometchat:calls-sdk-android:4.3.1] AndroidManifest.xml:21:22-73
58    <uses-permission android:name="android.permission.FOREGROUND_SERVICE" />
58-->[com.cometchat:calls-sdk-android:4.3.1] AndroidManifest.xml:22:5-77
58-->[com.cometchat:calls-sdk-android:4.3.1] AndroidManifest.xml:22:22-74
59
60    <uses-feature
60-->[com.cometchat:calls-sdk-android:4.3.1] AndroidManifest.xml:24:5-26:35
61        android:glEsVersion="0x00020000"
61-->[com.cometchat:calls-sdk-android:4.3.1] AndroidManifest.xml:25:9-41
62        android:required="true" />
62-->[com.cometchat:calls-sdk-android:4.3.1] AndroidManifest.xml:26:9-32
63
64    <permission
64-->[androidx.core:core:1.15.0] AndroidManifest.xml:22:5-24:47
65        android:name="com.cometchat.sampleapp.kotlin.DYNAMIC_RECEIVER_NOT_EXPORTED_PERMISSION"
65-->[androidx.core:core:1.15.0] AndroidManifest.xml:23:9-81
66        android:protectionLevel="signature" />
66-->[androidx.core:core:1.15.0] AndroidManifest.xml:24:9-44
67
68    <uses-permission android:name="com.cometchat.sampleapp.kotlin.DYNAMIC_RECEIVER_NOT_EXPORTED_PERMISSION" />
68-->[androidx.core:core:1.15.0] AndroidManifest.xml:26:5-97
68-->[androidx.core:core:1.15.0] AndroidManifest.xml:26:22-94
69
70    <application
70-->src/main/AndroidManifest.xml:20:5-85:19
71        android:name="com.cometchat.sampleapp.kotlin.utils.MyApplication"
71-->src/main/AndroidManifest.xml:21:9-44
72        android:allowBackup="true"
72-->src/main/AndroidManifest.xml:22:9-35
73        android:appComponentFactory="androidx.core.app.CoreComponentFactory"
73-->[androidx.core:core:1.15.0] AndroidManifest.xml:28:18-86
74        android:debuggable="true"
75        android:exported="true"
75-->[com.cometchat:calls-sdk-android:4.3.1] AndroidManifest.xml:29:9-32
76        android:extractNativeLibs="false"
77        android:hardwareAccelerated="true"
77-->[:chatuikit] AndroidManifest.xml:38:9-43
78        android:icon="@mipmap/ic_launcher"
78-->src/main/AndroidManifest.xml:23:9-43
79        android:label="@string/app_name"
79-->src/main/AndroidManifest.xml:24:9-41
80        android:localeConfig="@xml/cometchat_locale_config"
80-->src/main/AndroidManifest.xml:25:9-60
81        android:requestLegacyExternalStorage="true"
81-->[:chatuikit] AndroidManifest.xml:39:9-52
82        android:roundIcon="@mipmap/ic_launcher_round"
82-->src/main/AndroidManifest.xml:26:9-54
83        android:supportsRtl="true"
83-->src/main/AndroidManifest.xml:27:9-35
84        android:testOnly="true"
85        android:theme="@style/KotlinSampleApp.v5" >
85-->src/main/AndroidManifest.xml:28:9-50
86        <activity
86-->src/main/AndroidManifest.xml:30:9-32:40
87            android:name="com.cometchat.sampleapp.kotlin.ui.activity.SearchActivity"
87-->src/main/AndroidManifest.xml:31:13-55
88            android:exported="false" />
88-->src/main/AndroidManifest.xml:32:13-37
89        <activity
89-->src/main/AndroidManifest.xml:33:9-35:40
90            android:name="com.cometchat.sampleapp.kotlin.ai.AIAssistantUsersActivity"
90-->src/main/AndroidManifest.xml:34:13-56
91            android:exported="false" />
91-->src/main/AndroidManifest.xml:35:13-37
92        <activity
92-->src/main/AndroidManifest.xml:36:9-38:40
93            android:name="com.cometchat.sampleapp.kotlin.ui.activity.NewChatActivity"
93-->src/main/AndroidManifest.xml:37:13-56
94            android:exported="false" />
94-->src/main/AndroidManifest.xml:38:13-37
95        <activity
95-->src/main/AndroidManifest.xml:39:9-41:40
96            android:name="com.cometchat.sampleapp.kotlin.ui.activity.AppCredentialsActivity"
96-->src/main/AndroidManifest.xml:40:13-63
97            android:exported="false" />
97-->src/main/AndroidManifest.xml:41:13-37
98        <activity
98-->src/main/AndroidManifest.xml:42:9-50:20
99            android:name="com.cometchat.sampleapp.kotlin.ui.activity.SplashActivity"
99-->src/main/AndroidManifest.xml:43:13-55
100            android:exported="true" >
100-->src/main/AndroidManifest.xml:44:13-36
101            <intent-filter>
101-->src/main/AndroidManifest.xml:45:13-49:29
102                <action android:name="android.intent.action.MAIN" />
102-->src/main/AndroidManifest.xml:46:17-69
102-->src/main/AndroidManifest.xml:46:25-66
103
104                <category android:name="android.intent.category.LAUNCHER" />
104-->src/main/AndroidManifest.xml:48:17-77
104-->src/main/AndroidManifest.xml:48:27-74
105            </intent-filter>
106        </activity>
107        <activity
107-->src/main/AndroidManifest.xml:51:9-53:40
108            android:name="com.cometchat.sampleapp.kotlin.ui.activity.ThreadMessageActivity"
108-->src/main/AndroidManifest.xml:52:13-62
109            android:exported="false" />
109-->src/main/AndroidManifest.xml:53:13-37
110        <activity
110-->src/main/AndroidManifest.xml:55:9-58:58
111            android:name="com.cometchat.sampleapp.kotlin.ui.activity.LoginActivity"
111-->src/main/AndroidManifest.xml:56:13-54
112            android:exported="false"
112-->src/main/AndroidManifest.xml:57:13-37
113            android:windowSoftInputMode="adjustResize" />
113-->src/main/AndroidManifest.xml:58:13-55
114        <activity
114-->src/main/AndroidManifest.xml:59:9-62:59
115            android:name="com.cometchat.sampleapp.kotlin.ui.activity.HomeActivity"
115-->src/main/AndroidManifest.xml:60:13-53
116            android:exported="false"
116-->src/main/AndroidManifest.xml:61:13-37
117            android:windowSoftInputMode="adjustNothing" />
117-->src/main/AndroidManifest.xml:62:13-56
118        <activity
118-->src/main/AndroidManifest.xml:63:9-68:15
119            android:name="com.cometchat.sampleapp.kotlin.ui.activity.MessagesActivity"
119-->src/main/AndroidManifest.xml:64:13-57
120            android:configChanges="screenSize|orientation|keyboardHidden"
120-->src/main/AndroidManifest.xml:67:13-74
121            android:exported="false"
121-->src/main/AndroidManifest.xml:65:13-37
122            android:windowSoftInputMode="adjustResize" />
122-->src/main/AndroidManifest.xml:66:13-55
123        <activity
123-->src/main/AndroidManifest.xml:69:9-74:15
124            android:name="com.cometchat.sampleapp.kotlin.ai.AIAssistantChatActivity"
124-->src/main/AndroidManifest.xml:70:13-55
125            android:configChanges="screenSize|orientation|keyboardHidden"
125-->src/main/AndroidManifest.xml:73:13-74
126            android:exported="false"
126-->src/main/AndroidManifest.xml:71:13-37
127            android:windowSoftInputMode="adjustResize" />
127-->src/main/AndroidManifest.xml:72:13-55
128        <activity
128-->src/main/AndroidManifest.xml:76:9-78:40
129            android:name="com.cometchat.sampleapp.kotlin.ui.activity.GroupDetailsActivity"
129-->src/main/AndroidManifest.xml:77:13-61
130            android:exported="false" />
130-->src/main/AndroidManifest.xml:78:13-37
131        <activity
131-->src/main/AndroidManifest.xml:79:9-81:40
132            android:name="com.cometchat.sampleapp.kotlin.ui.activity.CallDetailsActivity"
132-->src/main/AndroidManifest.xml:80:13-60
133            android:exported="false" />
133-->src/main/AndroidManifest.xml:81:13-37
134        <activity
134-->src/main/AndroidManifest.xml:82:9-84:40
135            android:name="com.cometchat.sampleapp.kotlin.ui.activity.UserDetailsActivity"
135-->src/main/AndroidManifest.xml:83:13-60
136            android:exported="false" />
136-->src/main/AndroidManifest.xml:84:13-37
137        <activity
137-->[:chatuikit] AndroidManifest.xml:42:9-45:72
138            android:name="com.cometchat.chatuikit.shared.views.mediaviewer.CometChatImageViewerActivity"
138-->[:chatuikit] AndroidManifest.xml:43:13-105
139            android:exported="false"
139-->[:chatuikit] AndroidManifest.xml:44:13-37
140            android:theme="@style/UiKit.Internal.Theme.Transparent2" />
140-->[:chatuikit] AndroidManifest.xml:45:13-69
141        <activity
141-->[:chatuikit] AndroidManifest.xml:46:9-48:71
142            android:name="com.cometchat.chatuikit.shared.permission.CometChatPermissionActivity"
142-->[:chatuikit] AndroidManifest.xml:47:13-97
143            android:theme="@style/UiKit.Internal.Theme.Transparent" />
143-->[:chatuikit] AndroidManifest.xml:48:13-68
144        <activity
144-->[:chatuikit] AndroidManifest.xml:49:9-53:55
145            android:name="com.cometchat.chatuikit.calls.CometChatCallActivity"
145-->[:chatuikit] AndroidManifest.xml:50:13-79
146            android:configChanges="screenSize|smallestScreenSize|screenLayout"
146-->[:chatuikit] AndroidManifest.xml:51:13-79
147            android:screenOrientation="portrait"
147-->[:chatuikit] AndroidManifest.xml:52:13-49
148            android:supportsPictureInPicture="true" />
148-->[:chatuikit] AndroidManifest.xml:53:13-52
149        <activity
149-->[:chatuikit] AndroidManifest.xml:54:9-56:40
150            android:name="com.cometchat.chatuikit.extensions.collaborative.CometChatWebViewActivity"
150-->[:chatuikit] AndroidManifest.xml:55:13-101
151            android:exported="false" />
151-->[:chatuikit] AndroidManifest.xml:56:13-37
152        <activity
152-->[:chatuikit] AndroidManifest.xml:57:9-63:55
153            android:name="com.cometchat.chatuikit.calls.CometChatOngoingCallActivity"
153-->[:chatuikit] AndroidManifest.xml:58:13-86
154            android:configChanges="screenSize|smallestScreenSize|screenLayout"
154-->[:chatuikit] AndroidManifest.xml:59:13-79
155            android:excludeFromRecents="true"
155-->[:chatuikit] AndroidManifest.xml:60:13-46
156            android:exported="false"
156-->[:chatuikit] AndroidManifest.xml:61:13-37
157            android:screenOrientation="portrait"
157-->[:chatuikit] AndroidManifest.xml:62:13-49
158            android:supportsPictureInPicture="true" />
158-->[:chatuikit] AndroidManifest.xml:63:13-52
159
160        <meta-data
160-->[:chatuikit] AndroidManifest.xml:65:9-67:48
161            android:name="com.cometchat.chatuikit"
161-->[:chatuikit] AndroidManifest.xml:66:13-51
162            android:value="com.cometchat.sampleapp.kotlin" />
162-->[:chatuikit] AndroidManifest.xml:67:13-45
163
164        <provider
164-->[:chatuikit] AndroidManifest.xml:69:9-77:20
165            android:name="androidx.core.content.FileProvider"
165-->[:chatuikit] AndroidManifest.xml:70:13-62
166            android:authorities="com.cometchat.sampleapp.kotlin.provider"
166-->[:chatuikit] AndroidManifest.xml:71:13-60
167            android:exported="false"
167-->[:chatuikit] AndroidManifest.xml:72:13-37
168            android:grantUriPermissions="true" >
168-->[:chatuikit] AndroidManifest.xml:73:13-47
169            <meta-data
169-->[:chatuikit] AndroidManifest.xml:74:13-76:57
170                android:name="android.support.FILE_PROVIDER_PATHS"
170-->[:chatuikit] AndroidManifest.xml:75:17-67
171                android:resource="@xml/provider_path" />
171-->[:chatuikit] AndroidManifest.xml:76:17-54
172        </provider>
173
174        <activity
174-->[com.cometchat:calls-sdk-android:4.3.1] AndroidManifest.xml:32:9-34:40
175            android:name="com.cometchat.calls.CallScreenActivity"
175-->[com.cometchat:calls-sdk-android:4.3.1] AndroidManifest.xml:33:13-66
176            android:exported="false" />
176-->[com.cometchat:calls-sdk-android:4.3.1] AndroidManifest.xml:34:13-37
177
178        <service
178-->[com.facebook.react:react-native-webrtc:124.0.4-cometchat-21164567] AndroidManifest.xml:9:9-12:19
179            android:name="com.oney.WebRTCModule.MediaProjectionService"
179-->[com.facebook.react:react-native-webrtc:124.0.4-cometchat-21164567] AndroidManifest.xml:10:13-72
180            android:foregroundServiceType="mediaProjection" >
180-->[com.facebook.react:react-native-webrtc:124.0.4-cometchat-21164567] AndroidManifest.xml:11:13-60
181        </service>
182
183        <activity
183-->[com.facebook.react:react-android:0.77.2] AndroidManifest.xml:19:9-21:40
184            android:name="com.facebook.react.devsupport.DevSettingsActivity"
184-->[com.facebook.react:react-android:0.77.2] AndroidManifest.xml:20:13-77
185            android:exported="false" />
185-->[com.facebook.react:react-android:0.77.2] AndroidManifest.xml:21:13-37
186
187        <provider
187-->[androidx.emoji2:emoji2:1.3.0] AndroidManifest.xml:24:9-32:20
188            android:name="androidx.startup.InitializationProvider"
188-->[androidx.emoji2:emoji2:1.3.0] AndroidManifest.xml:25:13-67
189            android:authorities="com.cometchat.sampleapp.kotlin.androidx-startup"
189-->[androidx.emoji2:emoji2:1.3.0] AndroidManifest.xml:26:13-68
190            android:exported="false" >
190-->[androidx.emoji2:emoji2:1.3.0] AndroidManifest.xml:27:13-37
191            <meta-data
191-->[androidx.emoji2:emoji2:1.3.0] AndroidManifest.xml:29:13-31:52
192                android:name="androidx.emoji2.text.EmojiCompatInitializer"
192-->[androidx.emoji2:emoji2:1.3.0] AndroidManifest.xml:30:17-75
193                android:value="androidx.startup" />
193-->[androidx.emoji2:emoji2:1.3.0] AndroidManifest.xml:31:17-49
194            <meta-data
194-->[androidx.lifecycle:lifecycle-process:2.6.2] AndroidManifest.xml:29:13-31:52
195                android:name="androidx.lifecycle.ProcessLifecycleInitializer"
195-->[androidx.lifecycle:lifecycle-process:2.6.2] AndroidManifest.xml:30:17-78
196                android:value="androidx.startup" />
196-->[androidx.lifecycle:lifecycle-process:2.6.2] AndroidManifest.xml:31:17-49
197            <meta-data
197-->[androidx.profileinstaller:profileinstaller:1.4.0] AndroidManifest.xml:29:13-31:52
198                android:name="androidx.profileinstaller.ProfileInstallerInitializer"
198-->[androidx.profileinstaller:profileinstaller:1.4.0] AndroidManifest.xml:30:17-85
199                android:value="androidx.startup" />
199-->[androidx.profileinstaller:profileinstaller:1.4.0] AndroidManifest.xml:31:17-49
200        </provider>
201
202        <receiver
202-->[androidx.profileinstaller:profileinstaller:1.4.0] AndroidManifest.xml:34:9-52:20
203            android:name="androidx.profileinstaller.ProfileInstallReceiver"
203-->[androidx.profileinstaller:profileinstaller:1.4.0] AndroidManifest.xml:35:13-76
204            android:directBootAware="false"
204-->[androidx.profileinstaller:profileinstaller:1.4.0] AndroidManifest.xml:36:13-44
205            android:enabled="true"
205-->[androidx.profileinstaller:profileinstaller:1.4.0] AndroidManifest.xml:37:13-35
206            android:exported="true"
206-->[androidx.profileinstaller:profileinstaller:1.4.0] AndroidManifest.xml:38:13-36
207            android:permission="android.permission.DUMP" >
207-->[androidx.profileinstaller:profileinstaller:1.4.0] AndroidManifest.xml:39:13-57
208            <intent-filter>
208-->[androidx.profileinstaller:profileinstaller:1.4.0] AndroidManifest.xml:40:13-42:29
209                <action android:name="androidx.profileinstaller.action.INSTALL_PROFILE" />
209-->[androidx.profileinstaller:profileinstaller:1.4.0] AndroidManifest.xml:41:17-91
209-->[androidx.profileinstaller:profileinstaller:1.4.0] AndroidManifest.xml:41:25-88
210            </intent-filter>
211            <intent-filter>
211-->[androidx.profileinstaller:profileinstaller:1.4.0] AndroidManifest.xml:43:13-45:29
212                <action android:name="androidx.profileinstaller.action.SKIP_FILE" />
212-->[androidx.profileinstaller:profileinstaller:1.4.0] AndroidManifest.xml:44:17-85
212-->[androidx.profileinstaller:profileinstaller:1.4.0] AndroidManifest.xml:44:25-82
213            </intent-filter>
214            <intent-filter>
214-->[androidx.profileinstaller:profileinstaller:1.4.0] AndroidManifest.xml:46:13-48:29
215                <action android:name="androidx.profileinstaller.action.SAVE_PROFILE" />
215-->[androidx.profileinstaller:profileinstaller:1.4.0] AndroidManifest.xml:47:17-88
215-->[androidx.profileinstaller:profileinstaller:1.4.0] AndroidManifest.xml:47:25-85
216            </intent-filter>
217            <intent-filter>
217-->[androidx.profileinstaller:profileinstaller:1.4.0] AndroidManifest.xml:49:13-51:29
218                <action android:name="androidx.profileinstaller.action.BENCHMARK_OPERATION" />
218-->[androidx.profileinstaller:profileinstaller:1.4.0] AndroidManifest.xml:50:17-95
218-->[androidx.profileinstaller:profileinstaller:1.4.0] AndroidManifest.xml:50:25-92
219            </intent-filter>
220        </receiver>
221
222        <meta-data
222-->[com.facebook.soloader:soloader:0.12.1] AndroidManifest.xml:12:9-14:37
223            android:name="com.facebook.soloader.enabled"
223-->[com.facebook.soloader:soloader:0.12.1] AndroidManifest.xml:13:13-57
224            android:value="false" />
224-->[com.facebook.soloader:soloader:0.12.1] AndroidManifest.xml:14:13-34
225    </application>
226
227</manifest>